C:\USERS\LUUK\DOCUMENTS\GITHUB\2IV15-ASSIGNMENT-1\SOURCE\SOURCE\DEBUG\CIRCULARWIRECONSTRAINT.OBJ
C:\USERS\LUUK\DOCUMENTS\GITHUB\2IV15-ASSIGNMENT-1\SOURCE\SOURCE\DEBUG\EULER.OBJ
C:\USERS\LUUK\DOCUMENTS\GITHUB\2IV15-ASSIGNMENT-1\SOURCE\SOURCE\DEBUG\GRAVITY.OBJ
C:\USERS\LUUK\DOCUMENTS\GITHUB\2IV15-ASSIGNMENT-1\SOURCE\SOURCE\DEBUG\IMAGEIO.OBJ
C:\USERS\LUUK\DOCUMENTS\GITHUB\2IV15-ASSIGNMENT-1\SOURCE\SOURCE\DEBUG\LINEARSOLVER.OBJ
C:\USERS\LUUK\DOCUMENTS\GITHUB\2IV15-ASSIGNMENT-1\SOURCE\SOURCE\DEBUG\PARTICLE.OBJ
C:\USERS\LUUK\DOCUMENTS\GITHUB\2IV15-ASSIGNMENT-1\SOURCE\SOURCE\DEBUG\RODCONSTRAINT.OBJ
C:\USERS\LUUK\DOCUMENTS\GITHUB\2IV15-ASSIGNMENT-1\SOURCE\SOURCE\DEBUG\SOLVER.OBJ
C:\USERS\LUUK\DOCUMENTS\GITHUB\2IV15-ASSIGNMENT-1\SOURCE\SOURCE\DEBUG\SPRINGFORCE.OBJ
C:\USERS\LUUK\DOCUMENTS\GITHUB\2IV15-ASSIGNMENT-1\SOURCE\SOURCE\DEBUG\TINKERTOY.OBJ
C:\USERS\LUUK\DOCUMENTS\GITHUB\2IV15-ASSIGNMENT-1\SOURCE\SOURCE\DEBUG\VC110.PDB
C:\USERS\LUUK\DOCUMENTS\GITHUB\2IV15-ASSIGNMENT-1\SOURCE\SOURCE\DEBUG\MIDPOINT.OBJ
C:\USERS\LUUK\DOCUMENTS\GITHUB\2IV15-ASSIGNMENT-1\SOURCE\SOURCE\DEBUG\RUNGEKUTTA4THORDER.OBJ
C:\USERS\LUUK\DOCUMENTS\GITHUB\2IV15-ASSIGNMENT-1\SOURCE\SOURCE\DEBUG\CONSTRAINTSOLVER.OBJ
C:\USERS\LUUK\DOCUMENTS\GITHUB\2IV15-ASSIGNMENT-1\SOURCE\SOURCE\DEBUG\MATRIX.OBJ
C:\USERS\LUUK\DOCUMENTS\GITHUB\2IV15-ASSIGNMENT-1\SOURCE\SOURCE\DEBUG\MOUSEFORCE.OBJ
C:\USERS\LUUK\DOCUMENTS\GITHUB\2IV15-ASSIGNMENT-1\SOURCE\DEBUG\SOURCE.ILK
C:\USERS\LUUK\DOCUMENTS\GITHUB\2IV15-ASSIGNMENT-1\SOURCE\DEBUG\SOURCE.EXE
C:\USERS\LUUK\DOCUMENTS\GITHUB\2IV15-ASSIGNMENT-1\SOURCE\DEBUG\SOURCE.PDB
C:\Users\Luuk\Documents\GitHub\2IV15-Assignment-1\Source\Source\Debug\CircularWireConstraint.obj
C:\Users\Luuk\Documents\GitHub\2IV15-Assignment-1\Source\Source\Debug\ConstraintSolver.obj
C:\Users\Luuk\Documents\GitHub\2IV15-Assignment-1\Source\Source\Debug\Euler.obj
C:\Users\Luuk\Documents\GitHub\2IV15-Assignment-1\Source\Source\Debug\Gravity.obj
C:\Users\Luuk\Documents\GitHub\2IV15-Assignment-1\Source\Source\Debug\imageio.obj
C:\Users\Luuk\Documents\GitHub\2IV15-Assignment-1\Source\Source\Debug\linearSolver.obj
C:\Users\Luuk\Documents\GitHub\2IV15-Assignment-1\Source\Source\Debug\Matrix.obj
C:\Users\Luuk\Documents\GitHub\2IV15-Assignment-1\Source\Source\Debug\MidPoint.obj
C:\Users\Luuk\Documents\GitHub\2IV15-Assignment-1\Source\Source\Debug\MouseForce.obj
C:\Users\Luuk\Documents\GitHub\2IV15-Assignment-1\Source\Source\Debug\Particle.obj
C:\Users\Luuk\Documents\GitHub\2IV15-Assignment-1\Source\Source\Debug\RungeKutta4thOrder.obj
C:\Users\Luuk\Documents\GitHub\2IV15-Assignment-1\Source\Source\Debug\Solver.obj
C:\Users\Luuk\Documents\GitHub\2IV15-Assignment-1\Source\Source\Debug\SpringForce.obj
C:\Users\Luuk\Documents\GitHub\2IV15-Assignment-1\Source\Source\Debug\cl.command.1.tlog
C:\Users\Luuk\Documents\GitHub\2IV15-Assignment-1\Source\Source\Debug\CL.read.1.tlog
C:\Users\Luuk\Documents\GitHub\2IV15-Assignment-1\Source\Source\Debug\CL.write.1.tlog
C:\Users\Luuk\Documents\GitHub\2IV15-Assignment-1\Source\Source\Debug\link-cvtres.read.1.tlog
C:\Users\Luuk\Documents\GitHub\2IV15-Assignment-1\Source\Source\Debug\link-cvtres.write.1.tlog
C:\Users\Luuk\Documents\GitHub\2IV15-Assignment-1\Source\Source\Debug\link-rc.read.1.tlog
C:\Users\Luuk\Documents\GitHub\2IV15-Assignment-1\Source\Source\Debug\link-rc.write.1.tlog
C:\Users\Luuk\Documents\GitHub\2IV15-Assignment-1\Source\Source\Debug\link.10340-cvtres.read.1.tlog
C:\Users\Luuk\Documents\GitHub\2IV15-Assignment-1\Source\Source\Debug\link.10340-cvtres.write.1.tlog
C:\Users\Luuk\Documents\GitHub\2IV15-Assignment-1\Source\Source\Debug\link.10340-rc.read.1.tlog
C:\Users\Luuk\Documents\GitHub\2IV15-Assignment-1\Source\Source\Debug\link.10340-rc.write.1.tlog
C:\Users\Luuk\Documents\GitHub\2IV15-Assignment-1\Source\Source\Debug\link.10340.read.1.tlog
C:\Users\Luuk\Documents\GitHub\2IV15-Assignment-1\Source\Source\Debug\link.10340.write.1.tlog
C:\Users\Luuk\Documents\GitHub\2IV15-Assignment-1\Source\Source\Debug\link.1800-cvtres.read.1.tlog
C:\Users\Luuk\Documents\GitHub\2IV15-Assignment-1\Source\Source\Debug\link.1800-cvtres.write.1.tlog
C:\Users\Luuk\Documents\GitHub\2IV15-Assignment-1\Source\Source\Debug\link.1800-rc.read.1.tlog
C:\Users\Luuk\Documents\GitHub\2IV15-Assignment-1\Source\Source\Debug\link.1800-rc.write.1.tlog
C:\Users\Luuk\Documents\GitHub\2IV15-Assignment-1\Source\Source\Debug\link.1800.read.1.tlog
C:\Users\Luuk\Documents\GitHub\2IV15-Assignment-1\Source\Source\Debug\link.1800.write.1.tlog
C:\Users\Luuk\Documents\GitHub\2IV15-Assignment-1\Source\Source\Debug\link.1964-cvtres.read.1.tlog
C:\Users\Luuk\Documents\GitHub\2IV15-Assignment-1\Source\Source\Debug\link.1964-cvtres.write.1.tlog
C:\Users\Luuk\Documents\GitHub\2IV15-Assignment-1\Source\Source\Debug\link.1964-rc.read.1.tlog
C:\Users\Luuk\Documents\GitHub\2IV15-Assignment-1\Source\Source\Debug\link.1964-rc.write.1.tlog
C:\Users\Luuk\Documents\GitHub\2IV15-Assignment-1\Source\Source\Debug\link.1964.read.1.tlog
C:\Users\Luuk\Documents\GitHub\2IV15-Assignment-1\Source\Source\Debug\link.1964.write.1.tlog
C:\Users\Luuk\Documents\GitHub\2IV15-Assignment-1\Source\Source\Debug\link.3968-cvtres.read.1.tlog
C:\Users\Luuk\Documents\GitHub\2IV15-Assignment-1\Source\Source\Debug\link.3968-cvtres.write.1.tlog
C:\Users\Luuk\Documents\GitHub\2IV15-Assignment-1\Source\Source\Debug\link.3968-rc.read.1.tlog
C:\Users\Luuk\Documents\GitHub\2IV15-Assignment-1\Source\Source\Debug\link.3968-rc.write.1.tlog
C:\Users\Luuk\Documents\GitHub\2IV15-Assignment-1\Source\Source\Debug\link.3968.read.1.tlog
C:\Users\Luuk\Documents\GitHub\2IV15-Assignment-1\Source\Source\Debug\link.3968.write.1.tlog
C:\Users\Luuk\Documents\GitHub\2IV15-Assignment-1\Source\Source\Debug\link.4504-cvtres.read.1.tlog
C:\Users\Luuk\Documents\GitHub\2IV15-Assignment-1\Source\Source\Debug\link.4504-cvtres.write.1.tlog
C:\Users\Luuk\Documents\GitHub\2IV15-Assignment-1\Source\Source\Debug\link.4504-rc.read.1.tlog
C:\Users\Luuk\Documents\GitHub\2IV15-Assignment-1\Source\Source\Debug\link.4504-rc.write.1.tlog
C:\Users\Luuk\Documents\GitHub\2IV15-Assignment-1\Source\Source\Debug\link.4504.read.1.tlog
C:\Users\Luuk\Documents\GitHub\2IV15-Assignment-1\Source\Source\Debug\link.4504.write.1.tlog
C:\Users\Luuk\Documents\GitHub\2IV15-Assignment-1\Source\Source\Debug\link.5148-cvtres.read.1.tlog
C:\Users\Luuk\Documents\GitHub\2IV15-Assignment-1\Source\Source\Debug\link.5148-cvtres.write.1.tlog
C:\Users\Luuk\Documents\GitHub\2IV15-Assignment-1\Source\Source\Debug\link.5148-rc.read.1.tlog
C:\Users\Luuk\Documents\GitHub\2IV15-Assignment-1\Source\Source\Debug\link.5148-rc.write.1.tlog
C:\Users\Luuk\Documents\GitHub\2IV15-Assignment-1\Source\Source\Debug\link.5148.read.1.tlog
C:\Users\Luuk\Documents\GitHub\2IV15-Assignment-1\Source\Source\Debug\link.5148.write.1.tlog
C:\Users\Luuk\Documents\GitHub\2IV15-Assignment-1\Source\Source\Debug\link.5340-cvtres.read.1.tlog
C:\Users\Luuk\Documents\GitHub\2IV15-Assignment-1\Source\Source\Debug\link.5340-cvtres.write.1.tlog
C:\Users\Luuk\Documents\GitHub\2IV15-Assignment-1\Source\Source\Debug\link.5340-rc.read.1.tlog
C:\Users\Luuk\Documents\GitHub\2IV15-Assignment-1\Source\Source\Debug\link.5340-rc.write.1.tlog
C:\Users\Luuk\Documents\GitHub\2IV15-Assignment-1\Source\Source\Debug\link.5340.read.1.tlog
C:\Users\Luuk\Documents\GitHub\2IV15-Assignment-1\Source\Source\Debug\link.5340.write.1.tlog
C:\Users\Luuk\Documents\GitHub\2IV15-Assignment-1\Source\Source\Debug\link.6372-cvtres.read.1.tlog
C:\Users\Luuk\Documents\GitHub\2IV15-Assignment-1\Source\Source\Debug\link.6372-cvtres.write.1.tlog
C:\Users\Luuk\Documents\GitHub\2IV15-Assignment-1\Source\Source\Debug\link.6372-rc.read.1.tlog
C:\Users\Luuk\Documents\GitHub\2IV15-Assignment-1\Source\Source\Debug\link.6372-rc.write.1.tlog
C:\Users\Luuk\Documents\GitHub\2IV15-Assignment-1\Source\Source\Debug\link.6372.read.1.tlog
C:\Users\Luuk\Documents\GitHub\2IV15-Assignment-1\Source\Source\Debug\link.6372.write.1.tlog
C:\Users\Luuk\Documents\GitHub\2IV15-Assignment-1\Source\Source\Debug\link.6528-cvtres.read.1.tlog
C:\Users\Luuk\Documents\GitHub\2IV15-Assignment-1\Source\Source\Debug\link.6528-cvtres.write.1.tlog
C:\Users\Luuk\Documents\GitHub\2IV15-Assignment-1\Source\Source\Debug\link.6528-rc.read.1.tlog
C:\Users\Luuk\Documents\GitHub\2IV15-Assignment-1\Source\Source\Debug\link.6528-rc.write.1.tlog
C:\Users\Luuk\Documents\GitHub\2IV15-Assignment-1\Source\Source\Debug\link.6528.read.1.tlog
C:\Users\Luuk\Documents\GitHub\2IV15-Assignment-1\Source\Source\Debug\link.6528.write.1.tlog
C:\Users\Luuk\Documents\GitHub\2IV15-Assignment-1\Source\Source\Debug\link.7408-cvtres.read.1.tlog
C:\Users\Luuk\Documents\GitHub\2IV15-Assignment-1\Source\Source\Debug\link.7408-cvtres.write.1.tlog
C:\Users\Luuk\Documents\GitHub\2IV15-Assignment-1\Source\Source\Debug\link.7408-rc.read.1.tlog
C:\Users\Luuk\Documents\GitHub\2IV15-Assignment-1\Source\Source\Debug\link.7408-rc.write.1.tlog
C:\Users\Luuk\Documents\GitHub\2IV15-Assignment-1\Source\Source\Debug\link.7408.read.1.tlog
C:\Users\Luuk\Documents\GitHub\2IV15-Assignment-1\Source\Source\Debug\link.7408.write.1.tlog
C:\Users\Luuk\Documents\GitHub\2IV15-Assignment-1\Source\Source\Debug\link.7540-cvtres.read.1.tlog
C:\Users\Luuk\Documents\GitHub\2IV15-Assignment-1\Source\Source\Debug\link.7540-cvtres.write.1.tlog
C:\Users\Luuk\Documents\GitHub\2IV15-Assignment-1\Source\Source\Debug\link.7540-rc.read.1.tlog
C:\Users\Luuk\Documents\GitHub\2IV15-Assignment-1\Source\Source\Debug\link.7540-rc.write.1.tlog
C:\Users\Luuk\Documents\GitHub\2IV15-Assignment-1\Source\Source\Debug\link.7540.read.1.tlog
C:\Users\Luuk\Documents\GitHub\2IV15-Assignment-1\Source\Source\Debug\link.7540.write.1.tlog
C:\Users\Luuk\Documents\GitHub\2IV15-Assignment-1\Source\Source\Debug\link.7676-cvtres.read.1.tlog
C:\Users\Luuk\Documents\GitHub\2IV15-Assignment-1\Source\Source\Debug\link.7676-cvtres.write.1.tlog
C:\Users\Luuk\Documents\GitHub\2IV15-Assignment-1\Source\Source\Debug\link.7676-rc.read.1.tlog
C:\Users\Luuk\Documents\GitHub\2IV15-Assignment-1\Source\Source\Debug\link.7676-rc.write.1.tlog
C:\Users\Luuk\Documents\GitHub\2IV15-Assignment-1\Source\Source\Debug\link.7676.read.1.tlog
C:\Users\Luuk\Documents\GitHub\2IV15-Assignment-1\Source\Source\Debug\link.7676.write.1.tlog
C:\Users\Luuk\Documents\GitHub\2IV15-Assignment-1\Source\Source\Debug\link.8028-cvtres.read.1.tlog
C:\Users\Luuk\Documents\GitHub\2IV15-Assignment-1\Source\Source\Debug\link.8028-cvtres.write.1.tlog
C:\Users\Luuk\Documents\GitHub\2IV15-Assignment-1\Source\Source\Debug\link.8028-rc.read.1.tlog
C:\Users\Luuk\Documents\GitHub\2IV15-Assignment-1\Source\Source\Debug\link.8028-rc.write.1.tlog
C:\Users\Luuk\Documents\GitHub\2IV15-Assignment-1\Source\Source\Debug\link.8028.read.1.tlog
C:\Users\Luuk\Documents\GitHub\2IV15-Assignment-1\Source\Source\Debug\link.8028.write.1.tlog
C:\Users\Luuk\Documents\GitHub\2IV15-Assignment-1\Source\Source\Debug\link.8188-cvtres.read.1.tlog
C:\Users\Luuk\Documents\GitHub\2IV15-Assignment-1\Source\Source\Debug\link.8188-cvtres.write.1.tlog
C:\Users\Luuk\Documents\GitHub\2IV15-Assignment-1\Source\Source\Debug\link.8188-rc.read.1.tlog
C:\Users\Luuk\Documents\GitHub\2IV15-Assignment-1\Source\Source\Debug\link.8188-rc.write.1.tlog
C:\Users\Luuk\Documents\GitHub\2IV15-Assignment-1\Source\Source\Debug\link.8188.read.1.tlog
C:\Users\Luuk\Documents\GitHub\2IV15-Assignment-1\Source\Source\Debug\link.8188.write.1.tlog
C:\Users\Luuk\Documents\GitHub\2IV15-Assignment-1\Source\Source\Debug\link.8356-cvtres.read.1.tlog
C:\Users\Luuk\Documents\GitHub\2IV15-Assignment-1\Source\Source\Debug\link.8356-cvtres.write.1.tlog
C:\Users\Luuk\Documents\GitHub\2IV15-Assignment-1\Source\Source\Debug\link.8356-rc.read.1.tlog
C:\Users\Luuk\Documents\GitHub\2IV15-Assignment-1\Source\Source\Debug\link.8356-rc.write.1.tlog
C:\Users\Luuk\Documents\GitHub\2IV15-Assignment-1\Source\Source\Debug\link.8356.read.1.tlog
C:\Users\Luuk\Documents\GitHub\2IV15-Assignment-1\Source\Source\Debug\link.8356.write.1.tlog
C:\Users\Luuk\Documents\GitHub\2IV15-Assignment-1\Source\Source\Debug\link.9876-cvtres.read.1.tlog
C:\Users\Luuk\Documents\GitHub\2IV15-Assignment-1\Source\Source\Debug\link.9876-cvtres.write.1.tlog
C:\Users\Luuk\Documents\GitHub\2IV15-Assignment-1\Source\Source\Debug\link.9876-rc.read.1.tlog
C:\Users\Luuk\Documents\GitHub\2IV15-Assignment-1\Source\Source\Debug\link.9876-rc.write.1.tlog
C:\Users\Luuk\Documents\GitHub\2IV15-Assignment-1\Source\Source\Debug\link.9876.read.1.tlog
C:\Users\Luuk\Documents\GitHub\2IV15-Assignment-1\Source\Source\Debug\link.9876.write.1.tlog
C:\Users\Luuk\Documents\GitHub\2IV15-Assignment-1\Source\Source\Debug\link.9984-cvtres.read.1.tlog
C:\Users\Luuk\Documents\GitHub\2IV15-Assignment-1\Source\Source\Debug\link.9984-cvtres.write.1.tlog
C:\Users\Luuk\Documents\GitHub\2IV15-Assignment-1\Source\Source\Debug\link.9984-rc.read.1.tlog
C:\Users\Luuk\Documents\GitHub\2IV15-Assignment-1\Source\Source\Debug\link.9984-rc.write.1.tlog
C:\Users\Luuk\Documents\GitHub\2IV15-Assignment-1\Source\Source\Debug\link.9984.read.1.tlog
C:\Users\Luuk\Documents\GitHub\2IV15-Assignment-1\Source\Source\Debug\link.9984.write.1.tlog
C:\Users\Luuk\Documents\GitHub\2IV15-Assignment-1\Source\Source\Debug\link.command.1.tlog
C:\Users\Luuk\Documents\GitHub\2IV15-Assignment-1\Source\Source\Debug\link.read.1.tlog
C:\Users\Luuk\Documents\GitHub\2IV15-Assignment-1\Source\Source\Debug\link.write.1.tlog
C:\Users\Luuk\Documents\GitHub\2IV15-Assignment-1\Source\Source\Debug\vc110.idb
C:\Users\Luuk\Documents\GitHub\2IV15-Assignment-1\Source\Source\Debug\vc120.idb
C:\Users\Luuk\Documents\GitHub\2IV15-Assignment-1\Source\Source\Debug\vc110.pdb
C:\Users\Luuk\Documents\GitHub\2IV15-Assignment-1\Source\Debug\Source.pdb
C:\Users\Luuk\Documents\GitHub\2IV15-Assignment-1\Source\Debug\Source.exe
C:\Users\Luuk\Documents\GitHub\2IV15-Assignment-1\Source\Debug\Source.ilk
